<?xml version="1.0" encoding="UTF-8"?>
<!-- Generated by org.testng.reporters.JUnitXMLReporter -->
<testsuite ignored="1" hostname="DESKTOP-CMDU9JU" failures="1" tests="1" name="Surefire test" time="92.278" errors="0" timestamp="2026-06-29T16:54:21 IST">
  <testcase classname="tests.LoginTest" name="verifyCreateClientEndToEnd" time="75.899">
    <failure type="com.microsoft.playwright.TimeoutError" message="Timeout 60000ms exceeded">
      <![CDATA[com.microsoft.playwright.TimeoutError: Timeout 60000ms exceeded
at com.microsoft.playwright.impl.WaitableTimeout.get(WaitableTimeout.java:41)
at com.microsoft.playwright.impl.WaitableRace.get(WaitableRace.java:46)
at com.microsoft.playwright.impl.ChannelOwner.runUntil(ChannelOwner.java:138)
at com.microsoft.playwright.impl.PageImpl.waitForEventWithTimeout(PageImpl.java:535)
at com.microsoft.playwright.impl.PageImpl.waitForResponseImpl(PageImpl.java:1513)
at com.microsoft.playwright.impl.PageImpl.lambda$waitForResponse$17(PageImpl.java:1505)
at com.microsoft.playwright.impl.WaitForEventLogger.get(WaitForEventLogger.java:49)
at com.microsoft.playwright.impl.ChannelOwner.withWaitLogging(ChannelOwner.java:84)
at com.microsoft.playwright.impl.PageImpl.waitForResponse(PageImpl.java:1499)
at com.microsoft.playwright.impl.PageImpl.waitForResponse(PageImpl.java:1495)
at pages.ClientPage.submitClientForm(ClientPage.java:190)
at tests.LoginTest.verifyCreateClientEndToEnd(LoginTest.java:105)
at java.base/java.util.ArrayList.forEach(ArrayList.java:1511)
... Removed 32 stack frames]]>
    </failure>
  </testcase> <!-- verifyCreateClientEndToEnd -->
  <testcase classname="tests.LoginTest" name="verifyCMSLoginAndOpenAddClient" time="0.0">
    <ignored/>
  </testcase> <!-- verifyCMSLoginAndOpenAddClient -->
</testsuite> <!-- Surefire test -->
