<?xml version="1.0" encoding="UTF-8"?>
<!-- Generated by org.testng.reporters.JUnitXMLReporter -->
<testsuite ignored="0" hostname="DESKTOP-CMDU9JU" failures="1" tests="2" name="CMS E2E Tests" time="76.588" errors="0" timestamp="2026-06-29T21:17:51 IST">
  <testcase classname="tests.LoginTest" name="verifyCMSLoginAndOpenAddClient" time="4.934"/>
  <testcase classname="tests.LoginTest" name="verifyCreateClientEndToEnd" time="23.804">
    <failure type="com.microsoft.playwright.impl.TargetClosedError" message="Target page, context or browser has been closed">
      <![CDATA[com.microsoft.playwright.impl.TargetClosedError: Target page, context or browser has been closed
at com.microsoft.playwright.impl.PageImpl$WaitablePageClose.get(PageImpl.java:1423)
at com.microsoft.playwright.impl.WaitableRace.get(WaitableRace.java:46)
at com.microsoft.playwright.impl.WaitableRace.get(WaitableRace.java:46)
at com.microsoft.playwright.impl.ChannelOwner.runUntil(ChannelOwner.java:138)
at com.microsoft.playwright.impl.PageImpl.waitForEventWithTimeout(PageImpl.java:535)
at com.microsoft.playwright.impl.PageImpl.waitForResponseImpl(PageImpl.java:1513)
at com.microsoft.playwright.impl.PageImpl.lambda$waitForResponse$17(PageImpl.java:1505)
at com.microsoft.playwright.impl.WaitForEventLogger.get(WaitForEventLogger.java:49)
at com.microsoft.playwright.impl.ChannelOwner.withWaitLogging(ChannelOwner.java:84)
at com.microsoft.playwright.impl.PageImpl.waitForResponse(PageImpl.java:1499)
at com.microsoft.playwright.impl.PageImpl.waitForResponse(PageImpl.java:1495)
at pages.ClientPage.submitClientForm(ClientPage.java:190)
at tests.LoginTest.verifyCreateClientEndToEnd(LoginTest.java:105)
at java.base/java.util.ArrayList.forEach(ArrayList.java:1511)
... Removed 31 stack frames]]>
    </failure>
  </testcase> <!-- verifyCreateClientEndToEnd -->
</testsuite> <!-- CMS E2E Tests -->
